\BOOKMARK [1][-]{section.1}{Introducci\363n}{}% 1
\BOOKMARK [2][-]{subsection.1.1}{Motivaci\363n}{section.1}% 2
\BOOKMARK [2][-]{subsection.1.2}{Usabilidad}{section.1}% 3
\BOOKMARK [1][-]{section.2}{Informe de la usabilidad de un aparato f\355sico}{}% 4
\BOOKMARK [2][-]{subsection.2.1}{Descripci\363n de la interfaz de usuario de un ... }{section.2}% 5
\BOOKMARK [2][-]{subsection.2.2}{Planteamiento del problema}{section.2}% 6
\BOOKMARK [3][-]{subsubsection.2.2.1}{Problema 1}{subsection.2.2}% 7
\BOOKMARK [3][-]{subsubsection.2.2.2}{Problema 2}{subsection.2.2}% 8
\BOOKMARK [2][-]{subsection.2.3}{Soluciones propuestas}{section.2}% 9
\BOOKMARK [3][-]{subsubsection.2.3.1}{Soluci\363n al problema 1}{subsection.2.3}% 10
\BOOKMARK [3][-]{subsubsection.2.3.2}{Soluci\363n al problema 2}{subsection.2.3}% 11
\BOOKMARK [3][-]{subsubsection.2.3.3}{Aspectos positivos del dise\361o inicial}{subsection.2.3}% 12
\BOOKMARK [3][-]{subsubsection.2.3.4}{Propuesta adicional}{subsection.2.3}% 13
\BOOKMARK [1][-]{section.3}{Informe de la usabilidad de una aplicaci\363n inform\341tica}{}% 14
\BOOKMARK [2][-]{subsection.3.1}{Descripci\363n de la interfaz de usuario de la web del grupo Simply Supermecados}{section.3}% 15
\BOOKMARK [2][-]{subsection.3.2}{Planteamiento del problema}{section.3}% 16
\BOOKMARK [3][-]{subsubsection.3.2.1}{Problema 1: Demasiada informaci\363n en pantalla y poco estrucurada}{subsection.3.2}% 17
\BOOKMARK [3][-]{subsubsection.3.2.2}{Problema 2: Im\341genes que funcionan como bot\363n pero no lo aparentan}{subsection.3.2}% 18
\BOOKMARK [3][-]{subsubsection.3.2.3}{Problema 3: Im\341genes que aparentan ser un bot\363n y no funcionan como tal}{subsection.3.2}% 19
\BOOKMARK [3][-]{subsubsection.3.2.4}{Problema 4: Botones mal ubicados y desestructurados}{subsection.3.2}% 20
\BOOKMARK [3][-]{subsubsection.3.2.5}{Problema 5: Men\372s poco intuitivos}{subsection.3.2}% 21
\BOOKMARK [2][-]{subsection.3.3}{Soluciones propuestas}{section.3}% 22
\BOOKMARK [3][-]{subsubsection.3.3.1}{Soluci\363n al problema 1}{subsection.3.3}% 23
\BOOKMARK [3][-]{subsubsection.3.3.2}{Soluci\363n al problema 2}{subsection.3.3}% 24
\BOOKMARK [3][-]{subsubsection.3.3.3}{Soluci\363n al problema 3}{subsection.3.3}% 25
\BOOKMARK [3][-]{subsubsection.3.3.4}{Soluci\363n al problema 4}{subsection.3.3}% 26
\BOOKMARK [3][-]{subsubsection.3.3.5}{Soluci\363n al problema 5}{subsection.3.3}% 27
\BOOKMARK [3][-]{subsubsection.3.3.6}{Aspectos positivos del dise\361o inicial}{subsection.3.3}% 28
\BOOKMARK [3][-]{subsubsection.3.3.7}{Propuesta adicional}{subsection.3.3}% 29
